Crashlog created at 2012-11-17 21:46:17 -0500

=== MESSAGE:

LoadError: cannot load such file -- mime/types
Try installing the 'mime-types' gem (`gem install mime-types`) and then re-running the command.

=== COMPILATION STACK:

  (empty)

=== BACKTRACE:

  0. /usr/local/Cellar/ruby/1.9.3-p286/lib/ruby/1.9.1/rubygems/custom_require.rb:36:in `require'
  1. /usr/local/Cellar/ruby/1.9.3-p286/lib/ruby/1.9.1/rubygems/custom_require.rb:36:in `require'
  2. /usr/local/Cellar/ruby/1.9.3-p286/lib/ruby/gems/1.9.1/gems/nanoc-3.4.2/lib/nanoc/extra/auto_compiler.rb:17:in `initialize'
  3. /usr/local/Cellar/ruby/1.9.3-p286/lib/ruby/gems/1.9.1/gems/nanoc-3.4.2/lib/nanoc/cli/commands/autocompile.rb:42:in `new'
  4. /usr/local/Cellar/ruby/1.9.3-p286/lib/ruby/gems/1.9.1/gems/nanoc-3.4.2/lib/nanoc/cli/commands/autocompile.rb:42:in `run'
  5. /usr/local/Cellar/ruby/1.9.3-p286/lib/ruby/gems/1.9.1/gems/nanoc-3.4.2/lib/nanoc/cli/command_runner.rb:14:in `block in call'
  6. /usr/local/Cellar/ruby/1.9.3-p286/lib/ruby/gems/1.9.1/gems/nanoc-3.4.2/lib/nanoc/cli/error_handler.rb:63:in `handle_while'
  7. /usr/local/Cellar/ruby/1.9.3-p286/lib/ruby/gems/1.9.1/gems/nanoc-3.4.2/lib/nanoc/cli/error_handler.rb:26:in `handle_while'
  8. /usr/local/Cellar/ruby/1.9.3-p286/lib/ruby/gems/1.9.1/gems/nanoc-3.4.2/lib/nanoc/cli/command_runner.rb:13:in `call'
  9. /usr/local/Cellar/ruby/1.9.3-p286/lib/ruby/gems/1.9.1/gems/cri-2.3.0/lib/cri/command_dsl.rb:185:in `block in runner'
  10. /usr/local/Cellar/ruby/1.9.3-p286/lib/ruby/gems/1.9.1/gems/cri-2.3.0/lib/cri/command.rb:296:in `call'
  11. /usr/local/Cellar/ruby/1.9.3-p286/lib/ruby/gems/1.9.1/gems/cri-2.3.0/lib/cri/command.rb:296:in `run_this'
  12. /usr/local/Cellar/ruby/1.9.3-p286/lib/ruby/gems/1.9.1/gems/cri-2.3.0/lib/cri/command.rb:249:in `run'
  13. /usr/local/Cellar/ruby/1.9.3-p286/lib/ruby/gems/1.9.1/gems/cri-2.3.0/lib/cri/command.rb:262:in `run'
  14. /usr/local/Cellar/ruby/1.9.3-p286/lib/ruby/gems/1.9.1/gems/nanoc-3.4.2/lib/nanoc/cli.rb:52:in `block in run'
  15. /usr/local/Cellar/ruby/1.9.3-p286/lib/ruby/gems/1.9.1/gems/nanoc-3.4.2/lib/nanoc/cli/error_handler.rb:63:in `handle_while'
  16. /usr/local/Cellar/ruby/1.9.3-p286/lib/ruby/gems/1.9.1/gems/nanoc-3.4.2/lib/nanoc/cli/error_handler.rb:26:in `handle_while'
  17. /usr/local/Cellar/ruby/1.9.3-p286/lib/ruby/gems/1.9.1/gems/nanoc-3.4.2/lib/nanoc/cli.rb:50:in `run'
  18. /usr/local/bin/nanoc:19:in `<main>'

=== VERSION INFORMATION:

nanoc 3.4.2 © 2007-2012 Denis Defreyne.
Running ruby 1.9.3 (2012-10-12) on x86_64-darwin12.2.0 with RubyGems 1.8.23.

=== SYSTEM INFORMATION:

Darwin lycophron.local 12.2.0 Darwin Kernel Version 12.2.0: Sat Aug 25 00:48:52 PDT 2012; root:xnu-2050.18.24~1/RELEASE_X86_64 x86_64

=== INSTALLED GEMS:

  adsf 1.1.1
  bigdecimal 1.1.0
  bud 0.9.5
  colored 1.2
  cri 2.3.0
  eventmachine 1.0.0
  fastercsv 1.5.5
  fssm 0.2.9
  getopt 1.4.1
  haml 3.1.7
  io-console 0.3
  json 1.5.4
  kramdown 0.14.0
  macaddr 1.6.1
  minitest 2.5.1
  msgpack 0.4.7
  nanoc 3.4.2
  rack 1.4.1
  rake 0.9.2.2
  rdoc 3.9.4
  ruby-graphviz 1.0.8
  ruby2ruby 1.3.0, 2.0.1
  ruby_parser 2.3.1, 3.0.1
  sexp_processor 3.2.0, 4.1.2
  superators19 0.9.3
  syntax 1.0.0
  systemu 2.5.2
  uuid 2.3.5

=== ENVIRONMENT:

Apple_PubSub_Socket_Render => "/tmp/launch-QKsCym/Render"
Apple_Ubiquity_Message => "/tmp/launch-5eVm5V/Apple_Ubiquity_Message"
COLORFGBG => "7;0"
COMMAND_MODE => "unix2003"
CPUCOUNT => "8"
DISPLAY => "/tmp/launch-CUm9pb/org.macosforge.xquartz:0"
EDITOR => "vim"
EMAIL => "lfranchi@kde.org"
GIT_AUTHOR_EMAIL => "lfranchi@kde.org"
GIT_COMMITTER_EMAIL => "lfranchi@kde.org"
GIT_EDITOR => "vim"
GOPATH => "/Users/leo/src/gocode"
HISTFILE => "/Users/leo/.zsh_history"
HISTSIZE => "9999999"
HOME => "/Users/leo"
ITERM_PROFILE => "Hotkey Window"
ITERM_SESSION_ID => "w1t0p0"
KDABSVN => "svn+ssh://leo@svn.kdab.com/home/SVN-klaralv"
LANG => "en_US.UTF-8"
LESS_TERMCAP_mb => "\e[01;31m"
LESS_TERMCAP_md => "\e[01;31m"
LESS_TERMCAP_me => "\e[0m"
LESS_TERMCAP_se => "\e[0m"
LESS_TERMCAP_so => "\e[01;44;33m"
LESS_TERMCAP_ue => "\e[0m"
LESS_TERMCAP_us => "\e[01;32m"
LESS_TERMEND => "\e[0m"
LOGNAME => "leo"
MAKEFLAGS => "-j8"
OLDPWD => "/Users/leo/src"
PATH => "/Users/leo/src/gocode/bin:/Users/leo/bin:/usr/local/bin:/usr/local/share/npm/bin:/usr/bin:/bin:/usr/sbin:/sbin:/usr/local/bin:/opt/X11/bin:/usr/texbin"
PWD => "/Users/leo/src/lfranchi.com"
QTEST_COLORED => "1"
SAVEHIST => "9999999"
SECURITYSESSIONID => "186a4"
SHELL => "/bin/bash"
SHLVL => "1"
SSH_AUTH_SOCK => "/tmp/launch-eQfg98/Listeners"
SVN_EDITOR => "vim"
TERM => "xterm-256color"
TERM_PROGRAM => "iTerm.app"
TMPDIR => "/var/folders/sx/pb0zsj7n7hgg2t1j16my40sc0000gn/T/"
USER => "leo"
VIRTUALENVWRAPPER_HOOK_DIR => "/Users/leo/.virtualenvs"
VIRTUALENVWRAPPER_LOG_DIR => "/Users/leo/.virtualenvs"
VIRTUALENVWRAPPER_PROJECT_FILENAME => ".project"
WORKON_HOME => "/Users/leo/.virtualenvs"
_ => "/usr/local/bin/nanoc"
__CF_USER_TEXT_ENCODING => "0x1F5:0:0"

=== $LOAD_PATH:

  0. /usr/local/lib
  1. /usr/local/Cellar/ruby/1.9.3-p286/lib/ruby/gems/1.9.1/gems/colored-1.2/lib
  2. /usr/local/Cellar/ruby/1.9.3-p286/lib/ruby/gems/1.9.1/gems/cri-2.3.0/lib
  3. /usr/local/Cellar/ruby/1.9.3-p286/lib/ruby/gems/1.9.1/gems/nanoc-3.4.2/lib
  4. /usr/local/Cellar/ruby/1.9.3-p286/lib/ruby/gems/1.9.1/gems/rack-1.4.1/lib
  5. /usr/local/Cellar/ruby/1.9.3-p286/lib/ruby/site_ruby/1.9.1
  6. /usr/local/Cellar/ruby/1.9.3-p286/lib/ruby/site_ruby/1.9.1/x86_64-darwin12.2.0
  7. /usr/local/Cellar/ruby/1.9.3-p286/lib/ruby/site_ruby
  8. /usr/local/Cellar/ruby/1.9.3-p286/lib/ruby/vendor_ruby/1.9.1
  9. /usr/local/Cellar/ruby/1.9.3-p286/lib/ruby/vendor_ruby/1.9.1/x86_64-darwin12.2.0
  10. /usr/local/Cellar/ruby/1.9.3-p286/lib/ruby/vendor_ruby
  11. /usr/local/Cellar/ruby/1.9.3-p286/lib/ruby/1.9.1
  12. /usr/local/Cellar/ruby/1.9.3-p286/lib/ruby/1.9.1/x86_64-darwin12.2.0
